<?xml version="1.0" encoding="UTF-8"?>
<!-- Generated by org.testng.reporters.JUnitReportReporter -->
<testsuite hostname="VIJAY" failures="0" tests="1" name="testCases.TC_002_LoginTest" time="1.316" errors="0" timestamp="2023-03-02T16:39:28 IST" skipped="0">
  <testcase classname="testCases.TC_002_LoginTest" name="test_Login" time="1.316"/>
  <system-out/>
</testsuite> <!-- testCases.TC_002_LoginTest -->
