<?xml version="1.0" encoding="UTF-8"?>
<!-- Generated by org.testng.reporters.JUnitReportReporter -->
<testsuite hostname="VIJAY" failures="0" tests="5" name="testCases.TC_LoginDataDrivenTest" time="44.832" errors="0" timestamp="2023-03-02T16:29:14 IST" skipped="0">
  <testcase classname="testCases.TC_LoginDataDrivenTest" name="test_LoginDDT" time="10.874"/>
  <system-out/>
  <testcase classname="testCases.TC_LoginDataDrivenTest" name="test_LoginDDT" time="10.627"/>
  <system-out/>
  <testcase classname="testCases.TC_LoginDataDrivenTest" name="test_LoginDDT" time="1.591"/>
  <system-out/>
  <testcase classname="testCases.TC_LoginDataDrivenTest" name="test_LoginDDT" time="10.848"/>
  <system-out/>
  <testcase classname="testCases.TC_LoginDataDrivenTest" name="test_LoginDDT" time="10.892"/>
  <system-out/>
</testsuite> <!-- testCases.TC_LoginDataDrivenTest -->
